TN:
SF:.storybook/preview.js
FN:6,(anonymous_0)
FNF:1
FNH:1
FNDA:529,(anonymous_0)
DA:6,529
LF:1
LH:1
BRF:0
BRH:0
end_of_record
TN:
SF:cypress/e2e/RankedResortList/dummyResortOne.js
FNF:0
FNH:0
DA:1,41
LF:1
LH:1
BRF:0
BRH:0
end_of_record
TN:
SF:cypress/e2e/RankedResortList/dummyResortTwo.js
FNF:0
FNH:0
DA:1,41
LF:1
LH:1
BRF:0
BRH:0
end_of_record
TN:
SF:cypress/support/commands.js
FNF:0
FNH:0
LF:0
LH:0
BRF:0
BRH:0
end_of_record
TN:
SF:cypress/support/e2e.js
FNF:0
FNH:0
LF:0
LH:0
BRF:0
BRH:0
end_of_record
TN:
SF:src/js/components/Debug/Debug.tsx
FN:10,(anonymous_0)
FN:29,(anonymous_1)
FNF:2
FNH:2
FNDA:60,(anonymous_0)
FNDA:30,(anonymous_1)
DA:4,30
DA:10,30
DA:11,60
DA:13,60
DA:14,30
DA:17,30
DA:19,0
DA:22,30
DA:24,30
DA:29,30
LF:10
LH:9
BRDA:13,0,0,30
BRDA:13,0,1,30
BRDA:17,1,0,0
BRDA:17,1,1,30
BRDA:24,2,0,15
BRDA:24,2,1,15
BRF:6
BRH:5
end_of_record
TN:
SF:src/js/components/DynamicLayout/DynamicLayout.tsx
FN:15,(anonymous_0)
FNF:1
FNH:1
FNDA:150,(anonymous_0)
DA:15,30
DA:16,150
DA:17,150
DA:18,150
DA:25,150
DA:26,90
DA:29,60
DA:32,60
DA:38,60
DA:40,60
DA:42,60
DA:54,30
LF:12
LH:12
BRDA:25,0,0,90
BRDA:25,0,1,60
BRDA:25,1,0,150
BRDA:25,1,1,75
BRDA:32,2,0,60
BRF:5
BRH:5
end_of_record
TN:
SF:src/js/components/DynamicLink/DynamicLink.tsx
FN:10,(anonymous_0)
FN:17,(anonymous_1)
FNF:2
FNH:2
FNDA:15,(anonymous_0)
FNDA:15,(anonymous_1)
DA:10,15
DA:11,15
DA:13,15
DA:17,15
DA:24,15
LF:5
LH:5
BRF:0
BRH:0
end_of_record
TN:
SF:src/js/components/DynamicSwitch/DynamicSwitch.tsx
FN:12,(anonymous_0)
FN:15,(anonymous_1)
FN:35,(anonymous_2)
FN:53,(anonymous_3)
FN:35,(anonymous_2)
FN:53,(anonymous_3)
FNF:6
FNH:6
FNDA:30,(anonymous_0)
FNDA:30,(anonymous_1)
FNDA:57,(anonymous_2)
FNDA:61,(anonymous_3)
FNDA:62,(anonymous_2)
FNDA:60,(anonymous_3)
DA:12,15
DA:13,30
DA:15,30
DA:16,30
DA:23,30
DA:26,15
DA:35,15
DA:36,62
DA:38,60
DA:39,30
DA:42,30
DA:45,30
DA:49,30
DA:54,60
LF:14
LH:14
BRDA:38,0,0,30
BRDA:38,0,1,30
BRDA:45,1,0,30
BRDA:45,2,0,30
BRDA:45,2,1,30
BRF:5
BRH:5
end_of_record
TN:
SF:src/js/components/ViewContext/ViewContext.js
FNF:0
FNH:0
DA:3,45
LF:1
LH:1
BRF:0
BRH:0
end_of_record
TN:
SF:src/js/components/tests/NoCacheMockedProvider/NoCacheMockedProvider.js
FN:6,(anonymous_0)
FN:13,(anonymous_1)
FNF:2
FNH:2
FNDA:30,(anonymous_0)
FNDA:167,(anonymous_1)
DA:6,75
DA:13,75
DA:14,167
DA:15,165
DA:29,75
LF:5
LH:5
BRF:0
BRH:0
end_of_record
TN:
SF:src/js/hooks/useQueryResorts.ts
FN:75,(anonymous_0)
FNF:1
FNH:1
FNDA:91,(anonymous_0)
DA:4,86
DA:75,91
LF:2
LH:2
BRF:0
BRH:0
end_of_record
TN:
SF:src/js/hooks/useStaticMenu.tsx
FN:21,(anonymous_0)
FN:29,(anonymous_1)
FN:40,(anonymous_2)
FN:49,(anonymous_3)
FNF:4
FNH:4
FNDA:114,(anonymous_0)
FNDA:114,(anonymous_1)
FNDA:81,(anonymous_2)
FNDA:60,(anonymous_3)
DA:6,36
DA:21,114
DA:29,36
DA:30,114
DA:31,114
DA:37,114
DA:39,114
DA:41,81
DA:43,51
DA:46,30
DA:49,30
DA:50,60
DA:51,60
DA:53,60
DA:59,114
LF:15
LH:15
BRDA:41,0,0,51
BRDA:41,0,1,30
BRF:2
BRH:2
end_of_record
TN:
SF:src/js/hooks/useSuspenseQuery.js
FN:8,(anonymous_0)
FN:11,(anonymous_1)
FNF:2
FNH:2
FNDA:45,(anonymous_0)
FNDA:45,(anonymous_1)
DA:8,15
DA:9,45
DA:11,45
LF:3
LH:3
BRF:0
BRH:0
end_of_record
TN:
SF:src/js/hooks/tests/TestSuspenseQuery.js
FN:9,(anonymous_0)
FNF:1
FNH:1
FNDA:45,(anonymous_0)
DA:9,15
DA:10,45
DA:13,45
DA:14,45
DA:17,45
DA:20,15
LF:6
LH:6
BRDA:13,0,0,45
BRDA:13,0,1,0
BRF:2
BRH:1
end_of_record
TN:
SF:src/js/utility/query-cms-page.js
FN:19,(anonymous_0)
FNF:1
FNH:1
FNDA:255,(anonymous_0)
DA:3,45
DA:19,255
LF:2
LH:2
BRF:0
BRH:0
end_of_record
TN:
SF:src/js/utility/suspense-query.js
FN:12,(anonymous_0)
FN:17,(anonymous_1)
FN:36,(anonymous_2)
FN:40,(anonymous_3)
FN:46,(anonymous_4)
FNF:5
FNH:4
FNDA:75,(anonymous_0)
FNDA:75,(anonymous_1)
FNDA:45,(anonymous_2)
FNDA:0,(anonymous_3)
FNDA:75,(anonymous_4)
DA:1,15
DA:7,15
DA:12,15
DA:13,75
DA:17,75
DA:18,75
DA:20,45
DA:23,30
DA:26,30
DA:31,0
DA:35,45
DA:37,45
DA:38,45
DA:41,0
DA:42,0
DA:45,45
DA:47,75
DA:48,45
DA:49,30
DA:50,0
DA:52,30
LF:21
LH:17
BRDA:18,0,0,45
BRDA:18,0,1,30
BRDA:23,1,0,30
BRDA:23,1,1,0
BRDA:23,2,0,30
BRDA:23,2,1,15
BRDA:47,3,0,45
BRDA:47,3,1,30
BRDA:49,4,0,0
BRDA:49,4,1,30
BRF:10
BRH:8
end_of_record
TN:
SF:src/stories/RankedResortFilter/RankedResortLocationTray.stories.js
FN:12,(anonymous_0)
FNF:1
FNH:1
FNDA:13,(anonymous_0)
DA:12,13
DA:13,13
LF:2
LH:2
BRF:0
BRH:0
end_of_record
TN:
SF:src/stories/RankedResortFilter/RankedResortFilters.stories.js
FN:11,(anonymous_0)
FNF:1
FNH:1
FNDA:19,(anonymous_0)
DA:11,19
DA:12,19
LF:2
LH:2
BRF:0
BRH:0
end_of_record
TN:
SF:src/stories/Resort/RankedResortList.stories.js
FN:34,(anonymous_0)
FN:155,(anonymous_1)
FN:155,(anonymous_2)
FNF:3
FNH:3
FNDA:32,(anonymous_0)
FNDA:45,(anonymous_1)
FNDA:45,(anonymous_2)
DA:34,32
DA:35,32
DA:36,32
DA:37,32
DA:39,32
DA:145,32
DA:146,9
DA:155,45
DA:156,45
DA:163,23
DA:164,4
DA:180,19
LF:12
LH:12
BRDA:145,0,0,9
BRDA:145,0,1,23
BRDA:163,1,0,4
BRDA:163,1,1,19
BRF:4
BRH:4
end_of_record
TN:
SF:src/stories/Resort/Resort.stories.js
FN:15,(anonymous_0)
FNF:1
FNH:1
FNDA:10,(anonymous_0)
DA:15,10
DA:16,10
DA:78,10
LF:3
LH:3
BRF:0
BRH:0
end_of_record
TN:
SF:src/stories/Resort/ResortCard.stories.js
FN:26,(anonymous_0)
FNF:1
FNH:1
FNDA:54,(anonymous_0)
DA:26,54
DA:27,54
DA:28,54
DA:142,54
DA:164,54
DA:206,54
DA:207,2
DA:212,52
DA:214,5
DA:215,5
DA:217,4
DA:218,4
DA:220,43
DA:221,43
DA:224,52
LF:15
LH:15
BRDA:206,0,0,2
BRDA:206,0,1,52
BRDA:212,1,0,5
BRDA:212,1,1,4
BRDA:212,1,2,43
BRF:5
BRH:5
end_of_record
TN:
SF:src/stories/components/Footer/Footer.stories.js
FN:16,(anonymous_0)
FNF:1
FNH:1
FNDA:33,(anonymous_0)
DA:16,33
DA:17,33
DA:61,33
LF:3
LH:3
BRF:0
BRH:0
end_of_record
TN:
SF:src/stories/components/Header/Header.stories.js
FN:16,(anonymous_0)
FN:47,(anonymous_1)
FNF:2
FNH:2
FNDA:21,(anonymous_0)
FNDA:21,(anonymous_1)
DA:16,15
DA:17,21
DA:46,21
DA:47,21
DA:49,21
LF:5
LH:5
BRF:0
BRH:0
end_of_record
TN:
SF:src/stories/components/SupportBanner/SupportBanner.stories.js
FN:15,(anonymous_0)
FNF:1
FNH:1
FNDA:9,(anonymous_0)
DA:15,9
DA:16,9
DA:75,9
LF:3
LH:3
BRF:0
BRH:0
end_of_record
